# JRE version: OpenJDK Runtime Environment (21.0.3) (build 21.0.3+-12282718-b509.11)
# Java VM: OpenJDK 64-Bit Server VM (21.0.3+-12282718-b509.11, mixed mode, tiered, compressed oops, compressed class ptrs, g1 gc, windows-amd64)
GC Precious Log:
 CardTable entry size: 512
 Card Set container configuration: InlinePtr #cards 5 size 8 Array Of Cards #cards 12 size 40 Howl #buckets 4 coarsen threshold 1843 Howl Bitmap #cards 512 size 80 coarsen threshold 460 Card regions per heap region 1 cards per card region 2048
 CPUs: 4 total, 4 available
 Memory: 4011M
 Large Page Support: Disabled
 NUMA Support: Disabled
 Compressed Oops: Enabled (32-bit)
 Heap Region Size: 1M
 Heap Min Capacity: 8M
 Heap Initial Capacity: 64M
 Heap Max Capacity: 2G
 Pre-touch: Disabled
 Parallel Workers: 4
 Concurrent Workers: 1
 Concurrent Refinement Workers: 4
 Periodic GC: Disabled
Heap:
 garbage-first heap   total 201728K, used 112640K [0x0000000080000000, 0x0000000100000000)
  region size 1024K, 6 young (6144K), 6 survivors (6144K)
 Metaspace       used 89727K, committed 91712K, reserved 1179648K
  class space    used 12190K, committed 13184K, reserved 1048576K
GC Heap History (20 events):
Event: 12.991 GC heap after
{Heap after GC invocations=25 (full 0):
 garbage-first heap   total 125952K, used 76730K [0x0000000080000000, 0x0000000100000000)
  region size 1024K, 2 young (2048K), 2 survivors (2048K)
 Metaspace       used 63732K, committed 65344K, reserved 1114112K
  class space    used 8670K, committed 9472K, reserved 1048576K
}
Event: 13.832 GC heap before
{Heap before GC invocations=25 (full 0):
 garbage-first heap   total 125952K, used 112570K [0x0000000080000000, 0x0000000100000000)
  region size 1024K, 37 young (37888K), 2 survivors (2048K)
 Metaspace       used 68410K, committed 70208K, reserved 1114112K
  class space    used 9405K, committed 10304K, reserved 1048576K
}
Event: 13.840 GC heap after
{Heap after GC invocations=26 (full 0):
 garbage-first heap   total 125952K, used 78596K [0x0000000080000000, 0x0000000100000000)
  region size 1024K, 4 young (4096K), 4 survivors (4096K)
 Metaspace       used 68410K, committed 70208K, reserved 1114112K
  class space    used 9405K, committed 10304K, reserved 1048576K
}
Event: 15.065 GC heap before
{Heap before GC invocations=27 (full 0):
 garbage-first heap   total 137216K, used 112388K [0x0000000080000000, 0x0000000100000000)
  region size 1024K, 37 young (37888K), 4 survivors (4096K)
 Metaspace       used 71670K, committed 73408K, reserved 1114112K
  class space    used 9918K, committed 10816K, reserved 1048576K
}
Event: 15.077 GC heap after
{Heap after GC invocations=28 (full 0):
 garbage-first heap   total 137216K, used 81830K [0x0000000080000000, 0x0000000100000000)
  region size 1024K, 5 young (5120K), 5 survivors (5120K)
 Metaspace       used 71670K, committed 73408K, reserved 1114112K
  class space    used 9918K, committed 10816K, reserved 1048576K
}
Event: 15.911 GC heap before
{Heap before GC invocations=28 (full 0):
 garbage-first heap   total 137216K, used 121766K [0x0000000080000000, 0x0000000100000000)
  region size 1024K, 45 young (46080K), 5 survivors (5120K)
 Metaspace       used 72181K, committed 74048K, reserved 1114112K
  class space    used 9939K, committed 10880K, reserved 1048576K
}
Event: 15.928 GC heap after
{Heap after GC invocations=29 (full 0):
 garbage-first heap   total 164864K, used 84966K [0x0000000080000000, 0x0000000100000000)
  region size 1024K, 5 young (5120K), 5 survivors (5120K)
 Metaspace       used 72181K, committed 74048K, reserved 1114112K
  class space    used 9939K, committed 10880K, reserved 1048576K
}
Event: 16.695 GC heap before
{Heap before GC invocations=29 (full 0):
 garbage-first heap   total 164864K, used 135142K [0x0000000080000000, 0x0000000100000000)
  region size 1024K, 55 young (56320K), 5 survivors (5120K)
 Metaspace       used 72458K, committed 74304K, reserved 1114112K
  class space    used 9940K, committed 10880K, reserved 1048576K
}
Event: 16.705 GC heap after
{Heap after GC invocations=30 (full 0):
 garbage-first heap   total 164864K, used 86830K [0x0000000080000000, 0x0000000100000000)
  region size 1024K, 4 young (4096K), 4 survivors (4096K)
 Metaspace       used 72458K, committed 74304K, reserved 1114112K
  class space    used 9940K, committed 10880K, reserved 1048576K
}
Event: 17.596 GC heap before
{Heap before GC invocations=31 (full 0):
 garbage-first heap   total 164864K, used 151342K [0x0000000080000000, 0x0000000100000000)
  region size 1024K, 66 young (67584K), 4 survivors (4096K)
 Metaspace       used 72595K, committed 74368K, reserved 1114112K
  class space    used 9960K, committed 10880K, reserved 1048576K
}
Event: 17.604 GC heap after
{Heap after GC invocations=32 (full 0):
 garbage-first heap   total 164864K, used 90111K [0x0000000080000000, 0x0000000100000000)
  region size 1024K, 5 young (5120K), 5 survivors (5120K)
 Metaspace       used 72595K, committed 74368K, reserved 1114112K
  class space    used 9960K, committed 10880K, reserved 1048576K
}
Event: 18.694 GC heap before
{Heap before GC invocations=32 (full 0):
 garbage-first heap   total 164864K, used 154623K [0x0000000080000000, 0x0000000100000000)
  region size 1024K, 64 young (65536K), 5 survivors (5120K)
 Metaspace       used 77243K, committed 79040K, reserved 1179648K
  class space    used 10485K, committed 11392K, reserved 1048576K
}
Event: 18.709 GC heap after
{Heap after GC invocations=33 (full 0):
 garbage-first heap   total 168960K, used 98798K [0x0000000080000000, 0x0000000100000000)
  region size 1024K, 8 young (8192K), 8 survivors (8192K)
 Metaspace       used 77243K, committed 79040K, reserved 1179648K
  class space    used 10485K, committed 11392K, reserved 1048576K
}
Event: 19.826 GC heap before
{Heap before GC invocations=33 (full 0):
 garbage-first heap   total 168960K, used 138734K [0x0000000080000000, 0x0000000100000000)
  region size 1024K, 48 young (49152K), 8 survivors (8192K)
 Metaspace       used 82159K, committed 84160K, reserved 1179648K
  class space    used 11177K, committed 12160K, reserved 1048576K
}
Event: 19.836 GC heap after
{Heap after GC invocations=34 (full 0):
 garbage-first heap   total 168960K, used 102569K [0x0000000080000000, 0x0000000100000000)
  region size 1024K, 3 young (3072K), 3 survivors (3072K)
 Metaspace       used 82159K, committed 84160K, reserved 1179648K
  class space    used 11177K, committed 12160K, reserved 1048576K
}
Event: 20.863 GC heap before
{Heap before GC invocations=35 (full 0):
 garbage-first heap   total 201728K, used 157865K [0x0000000080000000, 0x0000000100000000)
  region size 1024K, 53 young (54272K), 3 survivors (3072K)
 Metaspace       used 85060K, committed 87040K, reserved 1179648K
  class space    used 11577K, committed 12608K, reserved 1048576K
}
Event: 20.874 GC heap after
{Heap after GC invocations=36 (full 0):
 garbage-first heap   total 201728K, used 107929K [0x0000000080000000, 0x0000000100000000)
  region size 1024K, 7 young (7168K), 7 survivors (7168K)
 Metaspace       used 85060K, committed 87040K, reserved 1179648K
  class space    used 11577K, committed 12608K, reserved 1048576K
}
Event: 22.202 GC heap before
{Heap before GC invocations=36 (full 0):
 garbage-first heap   total 201728K, used 175513K [0x0000000080000000, 0x0000000100000000)
  region size 1024K, 73 young (74752K), 7 survivors (7168K)
 Metaspace       used 89317K, committed 91392K, reserved 1179648K
  class space    used 12133K, committed 13184K, reserved 1048576K
}
Event: 22.222 GC heap after
{Heap after GC invocations=37 (full 0):
 garbage-first heap   total 201728K, used 111515K [0x0000000080000000, 0x0000000100000000)
  region size 1024K, 10 young (10240K), 10 survivors (10240K)
 Metaspace       used 89317K, committed 91392K, reserved 1179648K
  class space    used 12133K, committed 13184K, reserved 1048576K
}
Event: 22.336 GC heap before
{Heap before GC invocations=37 (full 0):
 garbage-first heap   total 201728K, used 117659K [0x0000000080000000, 0x0000000100000000)
  region size 1024K, 17 young (17408K), 10 survivors (10240K)
 Metaspace       used 89727K, committed 91712K, reserved 1179648K
  class space    used 12190K, committed 13184K, reserved 1048576K
}

