# JRE version: OpenJDK Runtime Environment (21.0.3) (build 21.0.3+-12282718-b509.11)
# Java VM: OpenJDK 64-Bit Server VM (21.0.3+-12282718-b509.11, mixed mode, tiered, compressed oops, compressed class ptrs, g1 gc, windows-amd64)
GC Precious Log:
 CardTable entry size: 512
 Card Set container configuration: InlinePtr #cards 5 size 8 Array Of Cards #cards 12 size 40 Howl #buckets 4 coarsen threshold 1843 Howl Bitmap #cards 512 size 80 coarsen threshold 460 Card regions per heap region 1 cards per card region 2048
 CPUs: 4 total, 4 available
 Memory: 4011M
 Large Page Support: Disabled
 NUMA Support: Disabled
 Compressed Oops: Enabled (32-bit)
 Heap Region Size: 1M
 Heap Min Capacity: 8M
 Heap Initial Capacity: 64M
 Heap Max Capacity: 2G
 Pre-touch: Disabled
 Parallel Workers: 4
 Concurrent Workers: 1
 Concurrent Refinement Workers: 4
 Periodic GC: Disabled
Heap:
 garbage-first heap   total 525312K, used 287744K [0x0000000080000000, 0x0000000100000000)
  region size 1024K, 120 young (122880K), 4 survivors (4096K)
 Metaspace       used 138153K, committed 140416K, reserved 1179648K
  class space    used 18440K, committed 19584K, reserved 1048576K
GC Heap History (20 events):
Event: 128.634 GC heap before
{Heap before GC invocations=82 (full 0):
 garbage-first heap   total 337920K, used 311127K [0x0000000080000000, 0x0000000100000000)
  region size 1024K, 165 young (168960K), 8 survivors (8192K)
 Metaspace       used 137847K, committed 140096K, reserved 1179648K
  class space    used 18428K, committed 19584K, reserved 1048576K
}
Event: 128.666 GC heap after
{Heap after GC invocations=83 (full 0):
 garbage-first heap   total 337920K, used 147997K [0x0000000080000000, 0x0000000100000000)
  region size 1024K, 11 young (11264K), 11 survivors (11264K)
 Metaspace       used 137847K, committed 140096K, reserved 1179648K
  class space    used 18428K, committed 19584K, reserved 1048576K
}
Event: 129.499 GC heap before
{Heap before GC invocations=83 (full 0):
 garbage-first heap   total 337920K, used 307741K [0x0000000080000000, 0x0000000100000000)
  region size 1024K, 167 young (171008K), 11 survivors (11264K)
 Metaspace       used 137857K, committed 140096K, reserved 1179648K
  class space    used 18428K, committed 19584K, reserved 1048576K
}
Event: 129.517 GC heap after
{Heap after GC invocations=84 (full 0):
 garbage-first heap   total 337920K, used 147641K [0x0000000080000000, 0x0000000100000000)
  region size 1024K, 10 young (10240K), 10 survivors (10240K)
 Metaspace       used 137857K, committed 140096K, reserved 1179648K
  class space    used 18428K, committed 19584K, reserved 1048576K
}
Event: 131.650 GC heap before
{Heap before GC invocations=85 (full 0):
 garbage-first heap   total 337920K, used 309433K [0x0000000080000000, 0x0000000100000000)
  region size 1024K, 168 young (172032K), 10 survivors (10240K)
 Metaspace       used 137869K, committed 140160K, reserved 1179648K
  class space    used 18429K, committed 19584K, reserved 1048576K
}
Event: 131.670 GC heap after
{Heap after GC invocations=86 (full 0):
 garbage-first heap   total 337920K, used 147416K [0x0000000080000000, 0x0000000100000000)
  region size 1024K, 9 young (9216K), 9 survivors (9216K)
 Metaspace       used 137869K, committed 140160K, reserved 1179648K
  class space    used 18429K, committed 19584K, reserved 1048576K
}
Event: 132.298 GC heap before
{Heap before GC invocations=86 (full 0):
 garbage-first heap   total 337920K, used 310232K [0x0000000080000000, 0x0000000100000000)
  region size 1024K, 169 young (173056K), 9 survivors (9216K)
 Metaspace       used 137886K, committed 140160K, reserved 1179648K
  class space    used 18429K, committed 19584K, reserved 1048576K
}
Event: 132.324 GC heap after
{Heap after GC invocations=87 (full 0):
 garbage-first heap   total 337920K, used 143882K [0x0000000080000000, 0x0000000100000000)
  region size 1024K, 11 young (11264K), 11 survivors (11264K)
 Metaspace       used 137886K, committed 140160K, reserved 1179648K
  class space    used 18429K, committed 19584K, reserved 1048576K
}
Event: 132.930 GC heap before
{Heap before GC invocations=87 (full 0):
 garbage-first heap   total 337920K, used 308746K [0x0000000080000000, 0x0000000100000000)
  region size 1024K, 172 young (176128K), 11 survivors (11264K)
 Metaspace       used 137923K, committed 140160K, reserved 1179648K
  class space    used 18437K, committed 19584K, reserved 1048576K
}
Event: 132.958 GC heap after
{Heap after GC invocations=88 (full 0):
 garbage-first heap   total 337920K, used 148735K [0x0000000080000000, 0x0000000100000000)
  region size 1024K, 15 young (15360K), 15 survivors (15360K)
 Metaspace       used 137923K, committed 140160K, reserved 1179648K
  class space    used 18437K, committed 19584K, reserved 1048576K
}
Event: 134.648 GC heap before
{Heap before GC invocations=89 (full 0):
 garbage-first heap   total 337920K, used 304383K [0x0000000080000000, 0x0000000100000000)
  region size 1024K, 167 young (171008K), 15 survivors (15360K)
 Metaspace       used 137936K, committed 140224K, reserved 1179648K
  class space    used 18438K, committed 19584K, reserved 1048576K
}
Event: 134.678 GC heap after
{Heap after GC invocations=90 (full 0):
 garbage-first heap   total 337920K, used 149663K [0x0000000080000000, 0x0000000100000000)
  region size 1024K, 12 young (12288K), 12 survivors (12288K)
 Metaspace       used 137936K, committed 140224K, reserved 1179648K
  class space    used 18438K, committed 19584K, reserved 1048576K
}
Event: 135.345 GC heap before
{Heap before GC invocations=90 (full 0):
 garbage-first heap   total 337920K, used 307359K [0x0000000080000000, 0x0000000100000000)
  region size 1024K, 166 young (169984K), 12 survivors (12288K)
 Metaspace       used 137979K, committed 140224K, reserved 1179648K
  class space    used 18439K, committed 19584K, reserved 1048576K
}
Event: 135.424 GC heap after
{Heap after GC invocations=91 (full 0):
 garbage-first heap   total 337920K, used 147756K [0x0000000080000000, 0x0000000100000000)
  region size 1024K, 13 young (13312K), 13 survivors (13312K)
 Metaspace       used 137979K, committed 140224K, reserved 1179648K
  class space    used 18439K, committed 19584K, reserved 1048576K
}
Event: 136.252 GC heap before
{Heap before GC invocations=91 (full 0):
 garbage-first heap   total 337920K, used 306476K [0x0000000080000000, 0x0000000100000000)
  region size 1024K, 168 young (172032K), 13 survivors (13312K)
 Metaspace       used 138075K, committed 140352K, reserved 1179648K
  class space    used 18440K, committed 19584K, reserved 1048576K
}
Event: 136.332 GC heap after
{Heap after GC invocations=92 (full 0):
 garbage-first heap   total 337920K, used 165292K [0x0000000080000000, 0x0000000100000000)
  region size 1024K, 21 young (21504K), 21 survivors (21504K)
 Metaspace       used 138075K, committed 140352K, reserved 1179648K
  class space    used 18440K, committed 19584K, reserved 1048576K
}
Event: 136.990 GC heap before
{Heap before GC invocations=92 (full 0):
 garbage-first heap   total 414720K, used 293292K [0x0000000080000000, 0x0000000100000000)
  region size 1024K, 147 young (150528K), 21 survivors (21504K)
 Metaspace       used 138083K, committed 140352K, reserved 1179648K
  class space    used 18440K, committed 19584K, reserved 1048576K
}
Event: 137.052 GC heap after
{Heap after GC invocations=93 (full 0):
 garbage-first heap   total 525312K, used 173056K [0x0000000080000000, 0x0000000100000000)
  region size 1024K, 7 young (7168K), 7 survivors (7168K)
 Metaspace       used 138083K, committed 140352K, reserved 1179648K
  class space    used 18440K, committed 19584K, reserved 1048576K
}
Event: 140.276 GC heap before
{Heap before GC invocations=94 (full 0):
 garbage-first heap   total 525312K, used 480256K [0x0000000080000000, 0x0000000100000000)
  region size 1024K, 303 young (310272K), 7 survivors (7168K)
 Metaspace       used 138150K, committed 140416K, reserved 1179648K
  class space    used 18440K, committed 19584K, reserved 1048576K
}
Event: 140.304 GC heap after
{Heap after GC invocations=95 (full 0):
 garbage-first heap   total 525312K, used 169984K [0x0000000080000000, 0x0000000100000000)
  region size 1024K, 4 young (4096K), 4 survivors (4096K)
 Metaspace       used 138150K, committed 140416K, reserved 1179648K
  class space    used 18440K, committed 19584K, reserved 1048576K
}

